19:57:29.441 [Forwarding newSession on session null to remote] DEBUG io.netty.channel.DefaultChannelId - -Dio.netty.machineId: 28:7f:cf:ff:fe:23:60:68 (auto-detected)
19:57:29.488 [AsyncHttpClient-1-2] DEBUG io.netty.buffer.AbstractByteBuf - -Dio.netty.buffer.checkAccessible: true
19:57:29.488 [AsyncHttpClient-1-2] DEBUG io.netty.buffer.AbstractByteBuf - -Dio.netty.buffer.checkBounds: true
19:57:29.488 [AsyncHttpClient-1-2] DEBUG io.netty.util.ResourceLeakDetectorFactory - Loaded default ResourceLeakDetector: io.netty.util.ResourceLeakDetector@64845d4d
19:57:29.510 [AsyncHttpClient-1-2] DEBUG io.netty.util.Recycler - -Dio.netty.recycler.maxCapacityPerThread: 4096
19:57:29.510 [AsyncHttpClient-1-2] DEBUG io.netty.util.Recycler - -Dio.netty.recycler.maxSharedCapacityFactor: 2
19:57:29.510 [AsyncHttpClient-1-2] DEBUG io.netty.util.Recycler - -Dio.netty.recycler.linkCapacity: 16
19:57:29.510 [AsyncHttpClient-1-2] DEBUG io.netty.util.Recycler - -Dio.netty.recycler.ratio: 8
19:57:29.510 [AsyncHttpClient-1-2] DEBUG io.netty.util.Recycler - -Dio.netty.recycler.delayedQueue.ratio: 8
19:57:30.204 [main] DEBUG io.netty.util.internal.ThreadLocalRandom - -Dio.netty.initialSeedUniquifier: 0xa15a587d3732f836
19:57:30.235 [main] INFO  testCases.TC_001_AccountRegistration - Launched Chrome Browser
19:57:30.253 [main] INFO  testCases.TC_001_AccountRegistration -  Starting TC_001_AccountRegistration 
19:57:31.741 [main] INFO  testCases.TC_001_AccountRegistration - Home Page Displayed 
19:57:32.256 [main] INFO  testCases.TC_001_AccountRegistration - Clicked on My Account 
19:57:32.691 [main] INFO  testCases.TC_001_AccountRegistration - Clicked on Register 
19:57:32.763 [main] INFO  testCases.TC_001_AccountRegistration - Provided First Name 
19:57:32.824 [main] INFO  testCases.TC_001_AccountRegistration - Provided Last Name 
19:57:32.888 [main] INFO  testCases.TC_001_AccountRegistration - Provided Email 
19:57:32.946 [main] INFO  testCases.TC_001_AccountRegistration - Provided Telephone 
19:57:32.998 [main] INFO  testCases.TC_001_AccountRegistration - Provided Password 
19:57:33.053 [main] INFO  testCases.TC_001_AccountRegistration - Provided Confrmed Password 
19:57:33.103 [main] INFO  testCases.TC_001_AccountRegistration - Set Privacy Policy 
19:57:33.886 [main] INFO  testCases.TC_001_AccountRegistration - Clicked on Continue 
19:57:33.915 [main] INFO  testCases.TC_001_AccountRegistration - Account Registration Success 
19:57:33.917 [main] INFO  testCases.TC_001_AccountRegistration -  Finished TC_001_AccountRegistration 
19:57:33.930 [AsyncHttpClient-1-4] TRACE io.netty.handler.codec.http.websocketx.WebSocket08FrameEncoder - Encoding WebSocket Frame opCode=8 length=26
19:57:35.796 [main] INFO  testCases.TC_002_Login - Launched Chrome Browser
19:57:35.799 [main] INFO  testCases.TC_002_Login -  Starting TC_002_Login 
19:57:37.187 [main] INFO  testCases.TC_002_Login - Home Page Displayed 
19:57:37.622 [main] INFO  testCases.TC_002_Login - Clicked on My Account 
19:57:38.042 [main] INFO  testCases.TC_002_Login - Clicked on Login 
19:57:38.116 [main] INFO  testCases.TC_002_Login - Provided Email 
19:57:38.178 [main] INFO  testCases.TC_002_Login - Provided Password 
19:57:38.927 [main] INFO  testCases.TC_002_Login - Clicked on Login
19:57:38.964 [main] INFO  testCases.TC_002_Login - Login Success 
19:57:38.964 [main] INFO  testCases.TC_002_Login -  Finished TC_002_Login 
19:57:38.966 [AsyncHttpClient-1-7] TRACE io.netty.handler.codec.http.websocketx.WebSocket08FrameEncoder - Encoding WebSocket Frame opCode=8 length=26
19:57:40.720 [main] INFO  testCases.TC_003_LoginDDT - Launched Chrome Browser
19:57:41.727 [main] INFO  testCases.TC_003_LoginDDT -  Starting TC_003_LoginDDT 
19:57:42.442 [main] INFO  testCases.TC_003_LoginDDT - Home Page Displayed 
19:57:42.934 [main] INFO  testCases.TC_003_LoginDDT - Clicked on My Account 
19:57:43.296 [main] INFO  testCases.TC_003_LoginDDT - Clicked on Login 
19:57:43.378 [main] INFO  testCases.TC_003_LoginDDT - Provided Email 
19:57:43.447 [main] INFO  testCases.TC_003_LoginDDT - Provided Password 
19:57:44.145 [main] INFO  testCases.TC_003_LoginDDT - Clicked on Login
19:57:44.180 [main] INFO  testCases.TC_003_LoginDDT - Login Success 
19:57:44.791 [main] INFO  testCases.TC_003_LoginDDT -  Finished TC_003_LoginDDT 
19:57:44.792 [main] INFO  testCases.TC_003_LoginDDT -  Starting TC_003_LoginDDT 
19:57:45.141 [main] INFO  testCases.TC_003_LoginDDT - Home Page Displayed 
19:57:45.195 [main] INFO  testCases.TC_003_LoginDDT - Clicked on My Account 
19:57:45.558 [main] INFO  testCases.TC_003_LoginDDT - Clicked on Login 
19:57:45.628 [main] INFO  testCases.TC_003_LoginDDT - Provided Email 
19:57:45.675 [main] INFO  testCases.TC_003_LoginDDT - Provided Password 
19:57:46.137 [main] INFO  testCases.TC_003_LoginDDT - Clicked on Login
19:57:56.198 [main] ERROR testCases.TC_003_LoginDDT - Login Failed 
19:57:56.199 [main] INFO  testCases.TC_003_LoginDDT -  Finished TC_003_LoginDDT 
19:57:56.199 [main] INFO  testCases.TC_003_LoginDDT -  Starting TC_003_LoginDDT 
19:57:56.634 [main] INFO  testCases.TC_003_LoginDDT - Home Page Displayed 
19:57:56.706 [main] INFO  testCases.TC_003_LoginDDT - Clicked on My Account 
19:57:57.075 [main] INFO  testCases.TC_003_LoginDDT - Clicked on Login 
19:57:57.162 [main] INFO  testCases.TC_003_LoginDDT - Provided Email 
19:57:57.217 [main] INFO  testCases.TC_003_LoginDDT - Provided Password 
19:57:57.725 [main] INFO  testCases.TC_003_LoginDDT - Clicked on Login
19:58:07.737 [main] ERROR testCases.TC_003_LoginDDT - Login Failed 
19:58:07.737 [main] INFO  testCases.TC_003_LoginDDT -  Finished TC_003_LoginDDT 
19:58:07.739 [main] INFO  testCases.TC_003_LoginDDT -  Starting TC_003_LoginDDT 
19:58:08.137 [main] INFO  testCases.TC_003_LoginDDT - Home Page Displayed 
19:58:08.202 [main] INFO  testCases.TC_003_LoginDDT - Clicked on My Account 
19:58:08.586 [main] INFO  testCases.TC_003_LoginDDT - Clicked on Login 
19:58:08.649 [main] INFO  testCases.TC_003_LoginDDT - Provided Email 
19:58:08.697 [main] INFO  testCases.TC_003_LoginDDT - Provided Password 
19:58:09.182 [main] INFO  testCases.TC_003_LoginDDT - Clicked on Login
19:58:19.200 [main] ERROR testCases.TC_003_LoginDDT - Login Failed 
19:58:19.201 [main] INFO  testCases.TC_003_LoginDDT -  Finished TC_003_LoginDDT 
19:58:19.203 [AsyncHttpClient-1-10] TRACE io.netty.handler.codec.http.websocketx.WebSocket08FrameEncoder - Encoding WebSocket Frame opCode=8 length=26
19:58:20.261 [AsyncHttpClient-1-2] DEBUG io.netty.buffer.PoolThreadCache - Freed 25 thread-local buffer(s) from thread: AsyncHttpClient-1-2
19:58:20.261 [AsyncHttpClient-1-6] DEBUG io.netty.buffer.PoolThreadCache - Freed 2 thread-local buffer(s) from thread: AsyncHttpClient-1-6
19:58:20.261 [AsyncHttpClient-1-3] DEBUG io.netty.buffer.PoolThreadCache - Freed 2 thread-local buffer(s) from thread: AsyncHttpClient-1-3
19:58:20.261 [AsyncHttpClient-1-4] DEBUG io.netty.buffer.PoolThreadCache - Freed 4 thread-local buffer(s) from thread: AsyncHttpClient-1-4
19:58:20.263 [AsyncHttpClient-1-7] DEBUG io.netty.buffer.PoolThreadCache - Freed 4 thread-local buffer(s) from thread: AsyncHttpClient-1-7
19:58:20.263 [AsyncHttpClient-1-5] DEBUG io.netty.buffer.PoolThreadCache - Freed 24 thread-local buffer(s) from thread: AsyncHttpClient-1-5
20:11:03.343 [main] DEBUG io.netty.util.internal.logging.InternalLoggerFactory - Using Log4J2 as the default logging framework
20:11:03.349 [main] DEBUG io.netty.util.ResourceLeakDetector - -Dio.netty.leakDetection.level: simple
20:11:03.349 [main] DEBUG io.netty.util.ResourceLeakDetector - -Dio.netty.leakDetection.targetRecords: 4
20:11:03.352 [main] DEBUG io.netty.util.ResourceLeakDetectorFactory - Loaded default ResourceLeakDetector: io.netty.util.ResourceLeakDetector@1fcf9739
20:11:03.364 [main] DEBUG io.netty.util.internal.PlatformDependent - Platform: Windows
20:11:03.366 [main] DEBUG io.netty.util.internal.PlatformDependent0 - -Dio.netty.noUnsafe: false
20:11:03.366 [main] DEBUG io.netty.util.internal.PlatformDependent0 - Java version: 11
20:11:03.367 [main] DEBUG io.netty.util.internal.PlatformDependent0 - sun.misc.Unsafe.theUnsafe: available
20:11:03.368 [main] DEBUG io.netty.util.internal.PlatformDependent0 - sun.misc.Unsafe.copyMemory: available
20:11:03.368 [main] DEBUG io.netty.util.internal.PlatformDependent0 - java.nio.Buffer.address: available
20:11:03.368 [main] DEBUG io.netty.util.internal.PlatformDependent0 - direct buffer constructor: unavailable
java.lang.UnsupportedOperationException: Reflective setAccessible(true) disabled
	at io.netty.util.internal.ReflectionUtil.trySetAccessible(ReflectionUtil.java:31) ~[netty-common-4.1.58.Final.jar:4.1.58.Final]
	at io.netty.util.internal.PlatformDependent0$4.run(PlatformDependent0.java:238) ~[netty-common-4.1.58.Final.jar:4.1.58.Final]
	at java.security.AccessController.doPrivileged(Native Method) ~[?:?]
	at io.netty.util.internal.PlatformDependent0.<clinit>(PlatformDependent0.java:232) ~[netty-common-4.1.58.Final.jar:4.1.58.Final]
	at io.netty.util.internal.PlatformDependent.isAndroid(PlatformDependent.java:293) ~[netty-common-4.1.58.Final.jar:4.1.58.Final]
	at io.netty.util.internal.PlatformDependent.<clinit>(PlatformDependent.java:92) ~[netty-common-4.1.58.Final.jar:4.1.58.Final]
	at io.netty.util.HashedWheelTimer.<init>(HashedWheelTimer.java:109) ~[netty-common-4.1.58.Final.jar:4.1.58.Final]
	at io.netty.util.HashedWheelTimer.<init>(HashedWheelTimer.java:218) ~[netty-common-4.1.58.Final.jar:4.1.58.Final]
	at io.netty.util.HashedWheelTimer.<init>(HashedWheelTimer.java:197) ~[netty-common-4.1.58.Final.jar:4.1.58.Final]
	at org.asynchttpclient.DefaultAsyncHttpClient.newNettyTimer(DefaultAsyncHttpClient.java:111) ~[async-http-client-2.12.2.jar:?]
	at org.asynchttpclient.DefaultAsyncHttpClient.<init>(DefaultAsyncHttpClient.java:90) ~[async-http-client-2.12.2.jar:?]
	at org.asynchttpclient.Dsl.asyncHttpClient(Dsl.java:32) ~[async-http-client-2.12.2.jar:?]
	at org.openqa.selenium.remote.http.netty.NettyClient.createHttpClient(NettyClient.java:98) ~[selenium-remote-driver-4.0.0-beta-2.jar:?]
	at org.openqa.selenium.remote.http.netty.NettyClient.<clinit>(NettyClient.java:51) ~[selenium-remote-driver-4.0.0-beta-2.jar:?]
	at org.openqa.selenium.remote.http.netty.NettyClient$Factory.createClient(NettyClient.java:147) ~[selenium-remote-driver-4.0.0-beta-2.jar:?]
	at org.openqa.selenium.remote.HttpCommandExecutor.<init>(HttpCommandExecutor.java:110) ~[selenium-remote-driver-4.0.0-beta-2.jar:?]
	at org.openqa.selenium.remote.HttpCommandExecutor.<init>(HttpCommandExecutor.java:96) ~[selenium-remote-driver-4.0.0-beta-2.jar:?]
	at org.openqa.selenium.remote.HttpCommandExecutor.<init>(HttpCommandExecutor.java:86) ~[selenium-remote-driver-4.0.0-beta-2.jar:?]
	at org.openqa.selenium.remote.service.DriverCommandExecutor.<init>(DriverCommandExecutor.java:68) ~[selenium-remote-driver-4.0.0-beta-2.jar:?]
	at org.openqa.selenium.chromium.ChromiumDriverCommandExecutor.<init>(ChromiumDriverCommandExecutor.java:78) ~[selenium-chromium-driver-4.0.0-beta-2.jar:?]
	at org.openqa.selenium.chrome.ChromeDriver.<init>(ChromeDriver.java:99) ~[selenium-chrome-driver-4.0.0-beta-2.jar:?]
	at org.openqa.selenium.chrome.ChromeDriver.<init>(ChromeDriver.java:86) ~[selenium-chrome-driver-4.0.0-beta-2.jar:?]
	at org.openqa.selenium.chrome.ChromeDriver.<init>(ChromeDriver.java:41) ~[selenium-chrome-driver-4.0.0-beta-2.jar:?]
	at testBase.BaseClass.setup(BaseClass.java:43) ~[test-classes/:?]
	at jdk.internal.reflect.NativeMethodAccessorImpl.invoke0(Native Method) ~[?:?]
	at jdk.internal.reflect.NativeMethodAccessorImpl.invoke(NativeMethodAccessorImpl.java:62) ~[?:?]
	at jdk.internal.reflect.DelegatingMethodAccessorImpl.invoke(DelegatingMethodAccessorImpl.java:43) ~[?:?]
	at java.lang.reflect.Method.invoke(Method.java:566) ~[?:?]
	at org.testng.internal.MethodInvocationHelper.invokeMethod(MethodInvocationHelper.java:132) ~[testng-7.3.0.jar:?]
	at org.testng.internal.MethodInvocationHelper.invokeMethodConsideringTimeout(MethodInvocationHelper.java:61) ~[testng-7.3.0.jar:?]
	at org.testng.internal.ConfigInvoker.invokeConfigurationMethod(ConfigInvoker.java:366) ~[testng-7.3.0.jar:?]
	at org.testng.internal.ConfigInvoker.invokeConfigurations(ConfigInvoker.java:320) ~[testng-7.3.0.jar:?]
	at org.testng.internal.TestMethodWorker.invokeBeforeClassMethods(TestMethodWorker.java:176) ~[testng-7.3.0.jar:?]
	at org.testng.internal.TestMethodWorker.run(TestMethodWorker.java:122) ~[testng-7.3.0.jar:?]
	at java.util.ArrayList.forEach(ArrayList.java:1540) [?:?]
	at org.testng.TestRunner.privateRun(TestRunner.java:764) [testng-7.3.0.jar:?]
	at org.testng.TestRunner.run(TestRunner.java:585) [testng-7.3.0.jar:?]
	at org.testng.SuiteRunner.runTest(SuiteRunner.java:384) [testng-7.3.0.jar:?]
	at org.testng.SuiteRunner.runSequentially(SuiteRunner.java:378) [testng-7.3.0.jar:?]
	at org.testng.SuiteRunner.privateRun(SuiteRunner.java:337) [testng-7.3.0.jar:?]
	at org.testng.SuiteRunner.run(SuiteRunner.java:286) [testng-7.3.0.jar:?]
	at org.testng.SuiteRunnerWorker.runSuite(SuiteRunnerWorker.java:53) [testng-7.3.0.jar:?]
	at org.testng.SuiteRunnerWorker.run(SuiteRunnerWorker.java:96) [testng-7.3.0.jar:?]
	at org.testng.TestNG.runSuitesSequentially(TestNG.java:1218) [testng-7.3.0.jar:?]
	at org.testng.TestNG.runSuitesLocally(TestNG.java:1140) [testng-7.3.0.jar:?]
	at org.testng.TestNG.runSuites(TestNG.java:1069) [testng-7.3.0.jar:?]
	at org.testng.TestNG.run(TestNG.java:1037) [testng-7.3.0.jar:?]
	at org.apache.maven.surefire.testng.TestNGExecutor.run(TestNGExecutor.java:284) [surefire-testng-3.0.0-M5.jar:3.0.0-M5]
	at org.apache.maven.surefire.testng.TestNGXmlTestSuite.execute(TestNGXmlTestSuite.java:75) [surefire-testng-3.0.0-M5.jar:3.0.0-M5]
	at org.apache.maven.surefire.testng.TestNGProvider.invoke(TestNGProvider.java:119) [surefire-testng-3.0.0-M5.jar:3.0.0-M5]
	at org.apache.maven.surefire.booter.ForkedBooter.runSuitesInProcess(ForkedBooter.java:428) [surefire-booter-3.0.0-M5.jar:3.0.0-M5]
	at org.apache.maven.surefire.booter.ForkedBooter.execute(ForkedBooter.java:162) [surefire-booter-3.0.0-M5.jar:3.0.0-M5]
	at org.apache.maven.surefire.booter.ForkedBooter.run(ForkedBooter.java:562) [surefire-booter-3.0.0-M5.jar:3.0.0-M5]
	at org.apache.maven.surefire.booter.ForkedBooter.main(ForkedBooter.java:548) [surefire-booter-3.0.0-M5.jar:3.0.0-M5]
20:11:03.374 [main] DEBUG io.netty.util.internal.PlatformDependent0 - java.nio.Bits.unaligned: available, true
20:11:03.375 [main] DEBUG io.netty.util.internal.PlatformDependent0 - jdk.internal.misc.Unsafe.allocateUninitializedArray(int): unavailable
java.lang.IllegalAccessException: class io.netty.util.internal.PlatformDependent0$6 cannot access class jdk.internal.misc.Unsafe (in module java.base) because module java.base does not export jdk.internal.misc to unnamed module @5d066c7d
	at jdk.internal.reflect.Reflection.newIllegalAccessException(Reflection.java:361) ~[?:?]
	at java.lang.reflect.AccessibleObject.checkAccess(AccessibleObject.java:591) ~[?:?]
	at java.lang.reflect.Method.invoke(Method.java:558) ~[?:?]
	at io.netty.util.internal.PlatformDependent0$6.run(PlatformDependent0.java:352) ~[netty-common-4.1.58.Final.jar:4.1.58.Final]
	at java.security.AccessController.doPrivileged(Native Method) ~[?:?]
	at io.netty.util.internal.PlatformDependent0.<clinit>(PlatformDependent0.java:343) ~[netty-common-4.1.58.Final.jar:4.1.58.Final]
	at io.netty.util.internal.PlatformDependent.isAndroid(PlatformDependent.java:293) ~[netty-common-4.1.58.Final.jar:4.1.58.Final]
	at io.netty.util.internal.PlatformDependent.<clinit>(PlatformDependent.java:92) ~[netty-common-4.1.58.Final.jar:4.1.58.Final]
	at io.netty.util.HashedWheelTimer.<init>(HashedWheelTimer.java:109) ~[netty-common-4.1.58.Final.jar:4.1.58.Final]
	at io.netty.util.HashedWheelTimer.<init>(HashedWheelTimer.java:218) ~[netty-common-4.1.58.Final.jar:4.1.58.Final]
	at io.netty.util.HashedWheelTimer.<init>(HashedWheelTimer.java:197) ~[netty-common-4.1.58.Final.jar:4.1.58.Final]
	at org.asynchttpclient.DefaultAsyncHttpClient.newNettyTimer(DefaultAsyncHttpClient.java:111) ~[async-http-client-2.12.2.jar:?]
	at org.asynchttpclient.DefaultAsyncHttpClient.<init>(DefaultAsyncHttpClient.java:90) ~[async-http-client-2.12.2.jar:?]
	at org.asynchttpclient.Dsl.asyncHttpClient(Dsl.java:32) ~[async-http-client-2.12.2.jar:?]
	at org.openqa.selenium.remote.http.netty.NettyClient.createHttpClient(NettyClient.java:98) ~[selenium-remote-driver-4.0.0-beta-2.jar:?]
	at org.openqa.selenium.remote.http.netty.NettyClient.<clinit>(NettyClient.java:51) ~[selenium-remote-driver-4.0.0-beta-2.jar:?]
	at org.openqa.selenium.remote.http.netty.NettyClient$Factory.createClient(NettyClient.java:147) ~[selenium-remote-driver-4.0.0-beta-2.jar:?]
	at org.openqa.selenium.remote.HttpCommandExecutor.<init>(HttpCommandExecutor.java:110) ~[selenium-remote-driver-4.0.0-beta-2.jar:?]
	at org.openqa.selenium.remote.HttpCommandExecutor.<init>(HttpCommandExecutor.java:96) ~[selenium-remote-driver-4.0.0-beta-2.jar:?]
	at org.openqa.selenium.remote.HttpCommandExecutor.<init>(HttpCommandExecutor.java:86) ~[selenium-remote-driver-4.0.0-beta-2.jar:?]
	at org.openqa.selenium.remote.service.DriverCommandExecutor.<init>(DriverCommandExecutor.java:68) ~[selenium-remote-driver-4.0.0-beta-2.jar:?]
	at org.openqa.selenium.chromium.ChromiumDriverCommandExecutor.<init>(ChromiumDriverCommandExecutor.java:78) ~[selenium-chromium-driver-4.0.0-beta-2.jar:?]
	at org.openqa.selenium.chrome.ChromeDriver.<init>(ChromeDriver.java:99) ~[selenium-chrome-driver-4.0.0-beta-2.jar:?]
	at org.openqa.selenium.chrome.ChromeDriver.<init>(ChromeDriver.java:86) ~[selenium-chrome-driver-4.0.0-beta-2.jar:?]
	at org.openqa.selenium.chrome.ChromeDriver.<init>(ChromeDriver.java:41) ~[selenium-chrome-driver-4.0.0-beta-2.jar:?]
	at testBase.BaseClass.setup(BaseClass.java:43) ~[test-classes/:?]
	at jdk.internal.reflect.NativeMethodAccessorImpl.invoke0(Native Method) ~[?:?]
	at jdk.internal.reflect.NativeMethodAccessorImpl.invoke(NativeMethodAccessorImpl.java:62) ~[?:?]
	at jdk.internal.reflect.DelegatingMethodAccessorImpl.invoke(DelegatingMethodAccessorImpl.java:43) ~[?:?]
	at java.lang.reflect.Method.invoke(Method.java:566) ~[?:?]
	at org.testng.internal.MethodInvocationHelper.invokeMethod(MethodInvocationHelper.java:132) ~[testng-7.3.0.jar:?]
	at org.testng.internal.MethodInvocationHelper.invokeMethodConsideringTimeout(MethodInvocationHelper.java:61) ~[testng-7.3.0.jar:?]
	at org.testng.internal.ConfigInvoker.invokeConfigurationMethod(ConfigInvoker.java:366) ~[testng-7.3.0.jar:?]
	at org.testng.internal.ConfigInvoker.invokeConfigurations(ConfigInvoker.java:320) ~[testng-7.3.0.jar:?]
	at org.testng.internal.TestMethodWorker.invokeBeforeClassMethods(TestMethodWorker.java:176) ~[testng-7.3.0.jar:?]
	at org.testng.internal.TestMethodWorker.run(TestMethodWorker.java:122) ~[testng-7.3.0.jar:?]
	at java.util.ArrayList.forEach(ArrayList.java:1540) [?:?]
	at org.testng.TestRunner.privateRun(TestRunner.java:764) [testng-7.3.0.jar:?]
	at org.testng.TestRunner.run(TestRunner.java:585) [testng-7.3.0.jar:?]
	at org.testng.SuiteRunner.runTest(SuiteRunner.java:384) [testng-7.3.0.jar:?]
	at org.testng.SuiteRunner.runSequentially(SuiteRunner.java:378) [testng-7.3.0.jar:?]
	at org.testng.SuiteRunner.privateRun(SuiteRunner.java:337) [testng-7.3.0.jar:?]
	at org.testng.SuiteRunner.run(SuiteRunner.java:286) [testng-7.3.0.jar:?]
	at org.testng.SuiteRunnerWorker.runSuite(SuiteRunnerWorker.java:53) [testng-7.3.0.jar:?]
	at org.testng.SuiteRunnerWorker.run(SuiteRunnerWorker.java:96) [testng-7.3.0.jar:?]
	at org.testng.TestNG.runSuitesSequentially(TestNG.java:1218) [testng-7.3.0.jar:?]
	at org.testng.TestNG.runSuitesLocally(TestNG.java:1140) [testng-7.3.0.jar:?]
	at org.testng.TestNG.runSuites(TestNG.java:1069) [testng-7.3.0.jar:?]
	at org.testng.TestNG.run(TestNG.java:1037) [testng-7.3.0.jar:?]
	at org.apache.maven.surefire.testng.TestNGExecutor.run(TestNGExecutor.java:284) [surefire-testng-3.0.0-M5.jar:3.0.0-M5]
	at org.apache.maven.surefire.testng.TestNGXmlTestSuite.execute(TestNGXmlTestSuite.java:75) [surefire-testng-3.0.0-M5.jar:3.0.0-M5]
	at org.apache.maven.surefire.testng.TestNGProvider.invoke(TestNGProvider.java:119) [surefire-testng-3.0.0-M5.jar:3.0.0-M5]
	at org.apache.maven.surefire.booter.ForkedBooter.runSuitesInProcess(ForkedBooter.java:428) [surefire-booter-3.0.0-M5.jar:3.0.0-M5]
	at org.apache.maven.surefire.booter.ForkedBooter.execute(ForkedBooter.java:162) [surefire-booter-3.0.0-M5.jar:3.0.0-M5]
	at org.apache.maven.surefire.booter.ForkedBooter.run(ForkedBooter.java:562) [surefire-booter-3.0.0-M5.jar:3.0.0-M5]
	at org.apache.maven.surefire.booter.ForkedBooter.main(ForkedBooter.java:548) [surefire-booter-3.0.0-M5.jar:3.0.0-M5]
20:11:03.375 [main] DEBUG io.netty.util.internal.PlatformDependent0 - java.nio.DirectByteBuffer.<init>(long, int): unavailable
20:11:03.376 [main] DEBUG io.netty.util.internal.PlatformDependent - sun.misc.Unsafe: available
20:11:03.376 [main] DEBUG io.netty.util.internal.PlatformDependent - maxDirectMemory: 2084569088 bytes (maybe)
20:11:03.376 [main] DEBUG io.netty.util.internal.PlatformDependent - -Dio.netty.tmpdir: C:\Users\anith\AppData\Local\Temp (java.io.tmpdir)
20:11:03.376 [main] DEBUG io.netty.util.internal.PlatformDependent - -Dio.netty.bitMode: 64 (sun.arch.data.model)
20:11:03.377 [main] DEBUG io.netty.util.internal.PlatformDependent - -Dio.netty.maxDirectMemory: -1 bytes
20:11:03.377 [main] DEBUG io.netty.util.internal.PlatformDependent - -Dio.netty.uninitializedArrayAllocationThreshold: -1
20:11:03.378 [main] DEBUG io.netty.util.internal.CleanerJava9 - java.nio.ByteBuffer.cleaner(): available
20:11:03.378 [main] DEBUG io.netty.util.internal.PlatformDependent - -Dio.netty.noPreferDirect: false
20:11:03.383 [main] DEBUG io.netty.util.internal.PlatformDependent - org.jctools-core.MpscChunkedArrayQueue: available
20:11:03.396 [main] DEBUG io.netty.util.internal.InternalThreadLocalMap - -Dio.netty.threadLocalMap.stringBuilder.initialSize: 1024
20:11:03.396 [main] DEBUG io.netty.util.internal.InternalThreadLocalMap - -Dio.netty.threadLocalMap.stringBuilder.maxSize: 4096
20:11:03.415 [main] DEBUG io.netty.handler.ssl.JdkSslContext - Default protocols (JDK): [TLSv1.3, TLSv1.2, TLSv1.1, TLSv1] 
20:11:03.415 [main] DEBUG io.netty.handler.ssl.JdkSslContext - Default cipher suites (JDK): [TLS_ECDHE_ECDSA_WITH_AES_256_GCM_SHA384, TLS_ECDHE_ECDSA_WITH_AES_128_GCM_SHA256, TLS_ECDHE_RSA_WITH_AES_128_GCM_SHA256, TLS_ECDHE_RSA_WITH_AES_256_GCM_SHA384, TLS_ECDHE_RSA_WITH_AES_128_CBC_SHA, TLS_ECDHE_RSA_WITH_AES_256_CBC_SHA, TLS_RSA_WITH_AES_128_GCM_SHA256, TLS_RSA_WITH_AES_128_CBC_SHA, TLS_RSA_WITH_AES_256_CBC_SHA, TLS_AES_128_GCM_SHA256, TLS_AES_256_GCM_SHA384]
20:11:03.432 [main] DEBUG io.netty.channel.MultithreadEventLoopGroup - -Dio.netty.eventLoopThreads: 16
20:11:03.438 [main] DEBUG io.netty.channel.nio.NioEventLoop - -Dio.netty.noKeySetOptimization: false
20:11:03.439 [main] DEBUG io.netty.channel.nio.NioEventLoop - -Dio.netty.selectorAutoRebuildThreshold: 512
20:11:03.446 [main] TRACE io.netty.channel.nio.NioEventLoop - instrumented a special java.util.Set into: sun.nio.ch.WindowsSelectorImpl@3ae9d1e2
20:11:03.447 [main] TRACE io.netty.channel.nio.NioEventLoop - instrumented a special java.util.Set into: sun.nio.ch.WindowsSelectorImpl@43b40233
20:11:03.447 [main] TRACE io.netty.channel.nio.NioEventLoop - instrumented a special java.util.Set into: sun.nio.ch.WindowsSelectorImpl@23eff5d1
20:11:03.448 [main] TRACE io.netty.channel.nio.NioEventLoop - instrumented a special java.util.Set into: sun.nio.ch.WindowsSelectorImpl@2e060819
20:11:03.448 [main] TRACE io.netty.channel.nio.NioEventLoop - instrumented a special java.util.Set into: sun.nio.ch.WindowsSelectorImpl@42c28305
20:11:03.449 [main] TRACE io.netty.channel.nio.NioEventLoop - instrumented a special java.util.Set into: sun.nio.ch.WindowsSelectorImpl@2184b4f4
20:11:03.449 [main] TRACE io.netty.channel.nio.NioEventLoop - instrumented a special java.util.Set into: sun.nio.ch.WindowsSelectorImpl@7d199c68
20:11:03.450 [main] TRACE io.netty.channel.nio.NioEventLoop - instrumented a special java.util.Set into: sun.nio.ch.WindowsSelectorImpl@63411512
20:11:03.450 [main] TRACE io.netty.channel.nio.NioEventLoop - instrumented a special java.util.Set into: sun.nio.ch.WindowsSelectorImpl@35cd68d4
20:11:03.451 [main] TRACE io.netty.channel.nio.NioEventLoop - instrumented a special java.util.Set into: sun.nio.ch.WindowsSelectorImpl@316a598d
20:11:03.452 [main] TRACE io.netty.channel.nio.NioEventLoop - instrumented a special java.util.Set into: sun.nio.ch.WindowsSelectorImpl@216914
20:11:03.453 [main] TRACE io.netty.channel.nio.NioEventLoop - instrumented a special java.util.Set into: sun.nio.ch.WindowsSelectorImpl@6ba30587
20:11:03.453 [main] TRACE io.netty.channel.nio.NioEventLoop - instrumented a special java.util.Set into: sun.nio.ch.WindowsSelectorImpl@35764bef
20:11:03.453 [main] TRACE io.netty.channel.nio.NioEventLoop - instrumented a special java.util.Set into: sun.nio.ch.WindowsSelectorImpl@5633dafd
20:11:03.453 [main] TRACE io.netty.channel.nio.NioEventLoop - instrumented a special java.util.Set into: sun.nio.ch.WindowsSelectorImpl@5d5160e6
20:11:03.454 [main] TRACE io.netty.channel.nio.NioEventLoop - instrumented a special java.util.Set into: sun.nio.ch.WindowsSelectorImpl@2eadc9f6
20:11:03.469 [main] DEBUG io.netty.buffer.PooledByteBufAllocator - -Dio.netty.allocator.numHeapArenas: 16
20:11:03.469 [main] DEBUG io.netty.buffer.PooledByteBufAllocator - -Dio.netty.allocator.numDirectArenas: 16
20:11:03.469 [main] DEBUG io.netty.buffer.PooledByteBufAllocator - -Dio.netty.allocator.pageSize: 8192
20:11:03.470 [main] DEBUG io.netty.buffer.PooledByteBufAllocator - -Dio.netty.allocator.maxOrder: 11
20:11:03.470 [main] DEBUG io.netty.buffer.PooledByteBufAllocator - -Dio.netty.allocator.chunkSize: 16777216
20:11:03.470 [main] DEBUG io.netty.buffer.PooledByteBufAllocator - -Dio.netty.allocator.smallCacheSize: 256
20:11:03.470 [main] DEBUG io.netty.buffer.PooledByteBufAllocator - -Dio.netty.allocator.normalCacheSize: 64
20:11:03.470 [main] DEBUG io.netty.buffer.PooledByteBufAllocator - -Dio.netty.allocator.maxCachedBufferCapacity: 32768
20:11:03.470 [main] DEBUG io.netty.buffer.PooledByteBufAllocator - -Dio.netty.allocator.cacheTrimInterval: 8192
20:11:03.470 [main] DEBUG io.netty.buffer.PooledByteBufAllocator - -Dio.netty.allocator.cacheTrimIntervalMillis: 0
20:11:03.470 [main] DEBUG io.netty.buffer.PooledByteBufAllocator - -Dio.netty.allocator.useCacheForAllThreads: true
20:11:03.470 [main] DEBUG io.netty.buffer.PooledByteBufAllocator - -Dio.netty.allocator.maxCachedByteBuffersPerChunk: 1023
20:11:03.478 [main] DEBUG io.netty.buffer.ByteBufUtil - -Dio.netty.allocator.type: pooled
20:11:03.478 [main] DEBUG io.netty.buffer.ByteBufUtil - -Dio.netty.threadLocalDirectBufferSize: 0
20:11:03.478 [main] DEBUG io.netty.buffer.ByteBufUtil - -Dio.netty.maxThreadLocalCharBufferSize: 16384
20:11:04.262 [Forwarding newSession on session null to remote] DEBUG io.netty.channel.DefaultChannelId - -Dio.netty.processId: 18580 (auto-detected)
20:11:04.264 [Forwarding newSession on session null to remote] DEBUG io.netty.util.NetUtil - -Djava.net.preferIPv4Stack: false
20:11:04.264 [Forwarding newSession on session null to remote] DEBUG io.netty.util.NetUtil - -Djava.net.preferIPv6Addresses: false
20:11:04.365 [Forwarding newSession on session null to remote] DEBUG io.netty.util.NetUtilInitializations - Loopback interface: lo (Software Loopback Interface 1, 127.0.0.1)
20:11:04.366 [Forwarding newSession on session null to remote] DEBUG io.netty.util.NetUtil - Failed to get SOMAXCONN from sysctl and file \proc\sys\net\core\somaxconn. Default: 200
20:11:04.469 [Forwarding newSession on session null to remote] DEBUG io.netty.channel.DefaultChannelId - -Dio.netty.machineId: 28:7f:cf:ff:fe:23:60:68 (auto-detected)
20:11:04.510 [AsyncHttpClient-1-2] DEBUG io.netty.buffer.AbstractByteBuf - -Dio.netty.buffer.checkAccessible: true
20:11:04.511 [AsyncHttpClient-1-2] DEBUG io.netty.buffer.AbstractByteBuf - -Dio.netty.buffer.checkBounds: true
20:11:04.511 [AsyncHttpClient-1-2] DEBUG io.netty.util.ResourceLeakDetectorFactory - Loaded default ResourceLeakDetector: io.netty.util.ResourceLeakDetector@66aa72a5
20:11:04.529 [AsyncHttpClient-1-2] DEBUG io.netty.util.Recycler - -Dio.netty.recycler.maxCapacityPerThread: 4096
20:11:04.530 [AsyncHttpClient-1-2] DEBUG io.netty.util.Recycler - -Dio.netty.recycler.maxSharedCapacityFactor: 2
20:11:04.530 [AsyncHttpClient-1-2] DEBUG io.netty.util.Recycler - -Dio.netty.recycler.linkCapacity: 16
20:11:04.530 [AsyncHttpClient-1-2] DEBUG io.netty.util.Recycler - -Dio.netty.recycler.ratio: 8
20:11:04.530 [AsyncHttpClient-1-2] DEBUG io.netty.util.Recycler - -Dio.netty.recycler.delayedQueue.ratio: 8
20:11:05.183 [main] DEBUG io.netty.util.internal.ThreadLocalRandom - -Dio.netty.initialSeedUniquifier: 0x7abda06484b38880
20:11:05.222 [main] INFO  testCases.TC_001_AccountRegistration - Launched Chrome Browser
20:11:05.238 [main] INFO  testCases.TC_001_AccountRegistration -  Starting TC_001_AccountRegistration 
20:11:06.578 [main] INFO  testCases.TC_001_AccountRegistration - Home Page Displayed 
20:11:07.040 [main] INFO  testCases.TC_001_AccountRegistration - Clicked on My Account 
20:11:07.492 [main] INFO  testCases.TC_001_AccountRegistration - Clicked on Register 
20:11:07.559 [main] INFO  testCases.TC_001_AccountRegistration - Provided First Name 
20:11:07.616 [main] INFO  testCases.TC_001_AccountRegistration - Provided Last Name 
20:11:07.675 [main] INFO  testCases.TC_001_AccountRegistration - Provided Email 
20:11:07.733 [main] INFO  testCases.TC_001_AccountRegistration - Provided Telephone 
20:11:07.781 [main] INFO  testCases.TC_001_AccountRegistration - Provided Password 
20:11:07.830 [main] INFO  testCases.TC_001_AccountRegistration - Provided Confrmed Password 
20:11:07.874 [main] INFO  testCases.TC_001_AccountRegistration - Set Privacy Policy 
20:11:08.679 [main] INFO  testCases.TC_001_AccountRegistration - Clicked on Continue 
20:11:08.705 [main] INFO  testCases.TC_001_AccountRegistration - Account Registration Success 
20:11:08.707 [main] INFO  testCases.TC_001_AccountRegistration -  Finished TC_001_AccountRegistration 
20:11:08.718 [AsyncHttpClient-1-4] TRACE io.netty.handler.codec.http.websocketx.WebSocket08FrameEncoder - Encoding WebSocket Frame opCode=8 length=26
20:11:10.503 [main] INFO  testCases.TC_002_Login - Launched Chrome Browser
20:11:10.505 [main] INFO  testCases.TC_002_Login -  Starting TC_002_Login 
20:11:11.842 [main] INFO  testCases.TC_002_Login - Home Page Displayed 
20:11:12.276 [main] INFO  testCases.TC_002_Login - Clicked on My Account 
20:11:12.965 [main] INFO  testCases.TC_002_Login - Clicked on Login 
20:11:13.041 [main] INFO  testCases.TC_002_Login - Provided Email 
20:11:13.106 [main] INFO  testCases.TC_002_Login - Provided Password 
20:11:13.853 [main] INFO  testCases.TC_002_Login - Clicked on Login
20:11:13.890 [main] INFO  testCases.TC_002_Login - Login Success 
20:11:13.890 [main] INFO  testCases.TC_002_Login -  Finished TC_002_Login 
20:11:13.892 [AsyncHttpClient-1-7] TRACE io.netty.handler.codec.http.websocketx.WebSocket08FrameEncoder - Encoding WebSocket Frame opCode=8 length=26
20:11:15.654 [main] INFO  testCases.TC_003_LoginDDT - Launched Chrome Browser
20:11:16.417 [main] INFO  testCases.TC_003_LoginDDT -  Starting TC_003_LoginDDT 
20:11:17.207 [main] INFO  testCases.TC_003_LoginDDT - Home Page Displayed 
20:11:17.631 [main] INFO  testCases.TC_003_LoginDDT - Clicked on My Account 
20:11:18.005 [main] INFO  testCases.TC_003_LoginDDT - Clicked on Login 
20:11:18.074 [main] INFO  testCases.TC_003_LoginDDT - Provided Email 
20:11:18.139 [main] INFO  testCases.TC_003_LoginDDT - Provided Password 
20:11:18.903 [main] INFO  testCases.TC_003_LoginDDT - Clicked on Login
20:11:18.932 [main] INFO  testCases.TC_003_LoginDDT - Login Success 
20:11:19.924 [main] INFO  testCases.TC_003_LoginDDT -  Finished TC_003_LoginDDT 
20:11:19.925 [main] INFO  testCases.TC_003_LoginDDT -  Starting TC_003_LoginDDT 
20:11:20.365 [main] INFO  testCases.TC_003_LoginDDT - Home Page Displayed 
20:11:20.417 [main] INFO  testCases.TC_003_LoginDDT - Clicked on My Account 
20:11:20.771 [main] INFO  testCases.TC_003_LoginDDT - Clicked on Login 
20:11:20.839 [main] INFO  testCases.TC_003_LoginDDT - Provided Email 
20:11:20.886 [main] INFO  testCases.TC_003_LoginDDT - Provided Password 
20:11:21.343 [main] INFO  testCases.TC_003_LoginDDT - Clicked on Login
20:11:31.390 [main] ERROR testCases.TC_003_LoginDDT - Login Failed 
20:11:31.391 [main] INFO  testCases.TC_003_LoginDDT -  Finished TC_003_LoginDDT 
20:11:31.391 [main] INFO  testCases.TC_003_LoginDDT -  Starting TC_003_LoginDDT 
20:11:31.766 [main] INFO  testCases.TC_003_LoginDDT - Home Page Displayed 
20:11:31.825 [main] INFO  testCases.TC_003_LoginDDT - Clicked on My Account 
20:11:32.146 [main] INFO  testCases.TC_003_LoginDDT - Clicked on Login 
20:11:32.211 [main] INFO  testCases.TC_003_LoginDDT - Provided Email 
20:11:32.260 [main] INFO  testCases.TC_003_LoginDDT - Provided Password 
20:11:32.722 [main] INFO  testCases.TC_003_LoginDDT - Clicked on Login
20:11:42.775 [main] ERROR testCases.TC_003_LoginDDT - Login Failed 
20:11:42.776 [main] INFO  testCases.TC_003_LoginDDT -  Finished TC_003_LoginDDT 
20:11:42.777 [main] INFO  testCases.TC_003_LoginDDT -  Starting TC_003_LoginDDT 
20:11:43.145 [main] INFO  testCases.TC_003_LoginDDT - Home Page Displayed 
20:11:43.202 [main] INFO  testCases.TC_003_LoginDDT - Clicked on My Account 
20:11:43.539 [main] INFO  testCases.TC_003_LoginDDT - Clicked on Login 
20:11:43.598 [main] INFO  testCases.TC_003_LoginDDT - Provided Email 
20:11:43.643 [main] INFO  testCases.TC_003_LoginDDT - Provided Password 
20:11:44.222 [main] INFO  testCases.TC_003_LoginDDT - Clicked on Login
20:11:54.285 [main] ERROR testCases.TC_003_LoginDDT - Login Failed 
20:11:54.285 [main] INFO  testCases.TC_003_LoginDDT -  Finished TC_003_LoginDDT 
20:11:54.287 [AsyncHttpClient-1-10] TRACE io.netty.handler.codec.http.websocketx.WebSocket08FrameEncoder - Encoding WebSocket Frame opCode=8 length=26
20:11:55.262 [AsyncHttpClient-1-7] DEBUG io.netty.buffer.PoolThreadCache - Freed 4 thread-local buffer(s) from thread: AsyncHttpClient-1-7
20:11:55.262 [AsyncHttpClient-1-5] DEBUG io.netty.buffer.PoolThreadCache - Freed 24 thread-local buffer(s) from thread: AsyncHttpClient-1-5
20:11:55.263 [AsyncHttpClient-1-2] DEBUG io.netty.buffer.PoolThreadCache - Freed 25 thread-local buffer(s) from thread: AsyncHttpClient-1-2
20:11:55.263 [AsyncHttpClient-1-3] DEBUG io.netty.buffer.PoolThreadCache - Freed 2 thread-local buffer(s) from thread: AsyncHttpClient-1-3
20:11:55.262 [AsyncHttpClient-1-6] DEBUG io.netty.buffer.PoolThreadCache - Freed 2 thread-local buffer(s) from thread: AsyncHttpClient-1-6
20:11:55.263 [AsyncHttpClient-1-4] DEBUG io.netty.buffer.PoolThreadCache - Freed 4 thread-local buffer(s) from thread: AsyncHttpClient-1-4
